Flow report for TOP_ResonantConverter_phi
Mon Jul 10 12:40:33 2023
Quartus Prime Version 21.1.0 Build 842 10/21/2021 SJ Standard Edition


---------------------
; Table of Contents ;
---------------------
  1. Legal Notice
  2. Flow Summary
  3. Flow Settings
  4. Flow Non-Default Global Settings
  5. Flow Elapsed Time
  6. Flow OS Summary
  7. Flow Log
  8. Flow Messages
  9. Flow Suppressed Messages



----------------
; Legal Notice ;
----------------
Copyright (C) 2021  Intel Corporation. All rights reserved.
Your use of Intel Corporation's design tools, logic functions 
and other software and tools, and any partner logic 
functions, and any output files from any of the foregoing 
(including device programming or simulation files), and any 
associated documentation or information are expressly subject 
to the terms and conditions of the Intel Program License 
Subscription Agreement, the Intel Quartus Prime License Agreement,
the Intel FPGA IP License Agreement, or other applicable license
agreement, including, without limitation, that your use is for
the sole purpose of programming logic devices manufactured by
Intel and sold by Intel or its authorized distributors.  Please
refer to the applicable agreement for further details, at
https://fpgasoftware.intel.com/eula.



+-------------------------------------------------------------------------------------+
; Flow Summary                                                                        ;
+-----------------------------------+-------------------------------------------------+
; Flow Status                       ; Successful - Mon Jul 10 12:40:28 2023           ;
; Quartus Prime Version             ; 21.1.0 Build 842 10/21/2021 SJ Standard Edition ;
; Revision Name                     ; TOP_ResonantConverter_phi                       ;
; Top-level Entity Name             ; TOP_ResonantConverter_phi                       ;
; Family                            ; Stratix IV                                      ;
; Device                            ; EP4SGX230KF40C2                                 ;
; Timing Models                     ; Final                                           ;
; Logic utilization                 ; < 1 %                                           ;
;     Combinational ALUTs           ; 1,161 / 182,400 ( < 1 % )                       ;
;     Memory ALUTs                  ; 0 / 91,200 ( 0 % )                              ;
;     Dedicated logic registers     ; 466 / 182,400 ( < 1 % )                         ;
; Total registers                   ; 466                                             ;
; Total pins                        ; 140 / 888 ( 16 % )                              ;
; Total virtual pins                ; 0                                               ;
; Total block memory bits           ; 0 / 14,625,792 ( 0 % )                          ;
; DSP block 18-bit elements         ; 16 / 1,288 ( 1 % )                              ;
; Total GXB Receiver Channel PCS    ; 0 / 24 ( 0 % )                                  ;
; Total GXB Receiver Channel PMA    ; 0 / 36 ( 0 % )                                  ;
; Total GXB Transmitter Channel PCS ; 0 / 24 ( 0 % )                                  ;
; Total GXB Transmitter Channel PMA ; 0 / 36 ( 0 % )                                  ;
; Total PLLs                        ; 1 / 8 ( 13 % )                                  ;
; Total DLLs                        ; 0 / 4 ( 0 % )                                   ;
+-----------------------------------+-------------------------------------------------+


+-----------------------------------------------+
; Flow Settings                                 ;
+-------------------+---------------------------+
; Option            ; Setting                   ;
+-------------------+---------------------------+
; Start date & time ; 07/10/2023 12:39:50       ;
; Main task         ; Compilation               ;
; Revision Name     ; TOP_ResonantConverter_phi ;
+-------------------+---------------------------+


+-------------------------------------------------------------------------------------------------------------------------+
; Flow Non-Default Global Settings                                                                                        ;
+-------------------------------------+----------------------------------------+---------------+-------------+------------+
; Assignment Name                     ; Value                                  ; Default Value ; Entity Name ; Section Id ;
+-------------------------------------+----------------------------------------+---------------+-------------+------------+
; COMPILER_SIGNATURE_ID               ; 1098408413627.168898559059436          ; --            ; --          ; --         ;
; MAX_CORE_JUNCTION_TEMP              ; 85                                     ; --            ; --          ; --         ;
; MIN_CORE_JUNCTION_TEMP              ; 0                                      ; --            ; --          ; --         ;
; PARTITION_COLOR                     ; -- (Not supported for targeted family) ; --            ; --          ; Top        ;
; PARTITION_FITTER_PRESERVATION_LEVEL ; -- (Not supported for targeted family) ; --            ; --          ; Top        ;
; PARTITION_NETLIST_TYPE              ; -- (Not supported for targeted family) ; --            ; --          ; Top        ;
; POWER_BOARD_THERMAL_MODEL           ; None (CONSERVATIVE)                    ; --            ; --          ; --         ;
; POWER_PRESET_COOLING_SOLUTION       ; 23 MM HEAT SINK WITH 200 LFPM AIRFLOW  ; --            ; --          ; --         ;
; PROJECT_OUTPUT_DIRECTORY            ; output_files                           ; --            ; --          ; --         ;
+-------------------------------------+----------------------------------------+---------------+-------------+------------+


+--------------------------------------------------------------------------------------------------------------------------+
; Flow Elapsed Time                                                                                                        ;
+----------------------+--------------+-------------------------+---------------------+------------------------------------+
; Module Name          ; Elapsed Time ; Average Processors Used ; Peak Virtual Memory ; Total CPU Time (on all processors) ;
+----------------------+--------------+-------------------------+---------------------+------------------------------------+
; Analysis & Synthesis ; 00:00:09     ; 1.0                     ; 4934 MB             ; 00:00:17                           ;
; Fitter               ; 00:00:23     ; 1.1                     ; 6358 MB             ; 00:00:48                           ;
; Assembler            ; 00:00:04     ; 1.0                     ; 4985 MB             ; 00:00:04                           ;
; Timing Analyzer      ; 00:00:03     ; 1.2                     ; 5074 MB             ; 00:00:02                           ;
; Total                ; 00:00:39     ; --                      ; --                  ; 00:01:11                           ;
+----------------------+--------------+-------------------------+---------------------+------------------------------------+


+------------------------------------------------------------------------------------+
; Flow OS Summary                                                                    ;
+----------------------+------------------+------------+------------+----------------+
; Module Name          ; Machine Hostname ; OS Name    ; OS Version ; Processor type ;
+----------------------+------------------+------------+------------+----------------+
; Analysis & Synthesis ; jack             ; Windows 10 ; 10.0       ; x86_64         ;
; Fitter               ; jack             ; Windows 10 ; 10.0       ; x86_64         ;
; Assembler            ; jack             ; Windows 10 ; 10.0       ; x86_64         ;
; Timing Analyzer      ; jack             ; Windows 10 ; 10.0       ; x86_64         ;
+----------------------+------------------+------------+------------+----------------+


------------
; Flow Log ;
------------
quartus_map --read_settings_files=on --write_settings_files=off HC_phi -c TOP_ResonantConverter_phi
quartus_fit --read_settings_files=off --write_settings_files=off HC_phi -c TOP_ResonantConverter_phi
quartus_asm --read_settings_files=off --write_settings_files=off HC_phi -c TOP_ResonantConverter_phi
quartus_sta HC_phi -c TOP_ResonantConverter_phi



