Analysis & Synthesis report for TOP_HybridControl_theta_phi_OL
Tue May  7 09:40:17 2024
Quartus Prime Version 21.1.0 Build 842 10/21/2021 SJ Standard Edition


---------------------
; Table of Contents ;
---------------------
  1. Legal Notice
  2. Analysis & Synthesis Summary
  3. Analysis & Synthesis Settings
  4. Parallel Compilation
  5. Analysis & Synthesis Messages
  6. Analysis & Synthesis Suppressed Messages



----------------
; Legal Notice ;
----------------
Copyright (C) 2021  Intel Corporation. All rights reserved.
Your use of Intel Corporation's design tools, logic functions 
and other software and tools, and any partner logic 
functions, and any output files from any of the foregoing 
(including device programming or simulation files), and any 
associated documentation or information are expressly subject 
to the terms and conditions of the Intel Program License 
Subscription Agreement, the Intel Quartus Prime License Agreement,
the Intel FPGA IP License Agreement, or other applicable license
agreement, including, without limitation, that your use is for
the sole purpose of programming logic devices manufactured by
Intel and sold by Intel or its authorized distributors.  Please
refer to the applicable agreement for further details, at
https://fpgasoftware.intel.com/eula.



+-------------------------------------------------------------------------------------+
; Analysis & Synthesis Summary                                                        ;
+-----------------------------------+-------------------------------------------------+
; Analysis & Synthesis Status       ; Failed - Tue May  7 09:40:17 2024               ;
; Quartus Prime Version             ; 21.1.0 Build 842 10/21/2021 SJ Standard Edition ;
; Revision Name                     ; TOP_HybridControl_theta_phi_OL                  ;
; Top-level Entity Name             ; TOP_HybridControl_theta_phi_OL                  ;
; Family                            ; Stratix IV                                      ;
; Logic utilization                 ; N/A until Partition Merge                       ;
;     Combinational ALUTs           ; N/A until Partition Merge                       ;
;     Memory ALUTs                  ; N/A until Partition Merge                       ;
;     Dedicated logic registers     ; N/A until Partition Merge                       ;
; Total registers                   ; N/A until Partition Merge                       ;
; Total pins                        ; N/A until Partition Merge                       ;
; Total virtual pins                ; N/A until Partition Merge                       ;
; Total block memory bits           ; N/A until Partition Merge                       ;
; DSP block 18-bit elements         ; N/A until Partition Merge                       ;
; Total GXB Receiver Channel PCS    ; N/A until Partition Merge                       ;
; Total GXB Receiver Channel PMA    ; N/A until Partition Merge                       ;
; Total GXB Transmitter Channel PCS ; N/A until Partition Merge                       ;
; Total GXB Transmitter Channel PMA ; N/A until Partition Merge                       ;
; Total PLLs                        ; N/A until Partition Merge                       ;
; Total DLLs                        ; N/A until Partition Merge                       ;
+-----------------------------------+-------------------------------------------------+


+---------------------------------------------------------------------------------------------------------------------------------------------------+
; Analysis & Synthesis Settings                                                                                                                     ;
+---------------------------------------------------------------------------------+--------------------------------+--------------------------------+
; Option                                                                          ; Setting                        ; Default Value                  ;
+---------------------------------------------------------------------------------+--------------------------------+--------------------------------+
; Device                                                                          ; EP4SGX230KF40C2                ;                                ;
; Top-level entity name                                                           ; TOP_HybridControl_theta_phi_OL ; TOP_HybridControl_theta_phi_OL ;
; Family name                                                                     ; Stratix IV                     ; Cyclone V                      ;
; Use smart compilation                                                           ; Off                            ; Off                            ;
; Enable parallel Assembler and Timing Analyzer during compilation                ; On                             ; On                             ;
; Enable compact report table                                                     ; Off                            ; Off                            ;
; Restructure Multiplexers                                                        ; Auto                           ; Auto                           ;
; MLAB Add Timing Constraints For Mixed-Port Feed-Through Mode Setting Don't Care ; Off                            ; Off                            ;
; Create Debugging Nodes for IP Cores                                             ; Off                            ; Off                            ;
; Preserve fewer node names                                                       ; On                             ; On                             ;
; Intel FPGA IP Evaluation Mode                                                   ; Enable                         ; Enable                         ;
; Verilog Version                                                                 ; Verilog_2001                   ; Verilog_2001                   ;
; VHDL Version                                                                    ; VHDL_1993                      ; VHDL_1993                      ;
; State Machine Processing                                                        ; Auto                           ; Auto                           ;
; Safe State Machine                                                              ; Off                            ; Off                            ;
; Extract Verilog State Machines                                                  ; On                             ; On                             ;
; Extract VHDL State Machines                                                     ; On                             ; On                             ;
; Ignore Verilog initial constructs                                               ; Off                            ; Off                            ;
; Iteration limit for constant Verilog loops                                      ; 5000                           ; 5000                           ;
; Iteration limit for non-constant Verilog loops                                  ; 250                            ; 250                            ;
; Add Pass-Through Logic to Inferred RAMs                                         ; On                             ; On                             ;
; Infer RAMs from Raw Logic                                                       ; On                             ; On                             ;
; Parallel Synthesis                                                              ; On                             ; On                             ;
; DSP Block Balancing                                                             ; Auto                           ; Auto                           ;
; NOT Gate Push-Back                                                              ; On                             ; On                             ;
; Power-Up Don't Care                                                             ; On                             ; On                             ;
; Remove Redundant Logic Cells                                                    ; Off                            ; Off                            ;
; Remove Duplicate Registers                                                      ; On                             ; On                             ;
; Ignore CARRY Buffers                                                            ; Off                            ; Off                            ;
; Ignore CASCADE Buffers                                                          ; Off                            ; Off                            ;
; Ignore GLOBAL Buffers                                                           ; Off                            ; Off                            ;
; Ignore ROW GLOBAL Buffers                                                       ; Off                            ; Off                            ;
; Ignore LCELL Buffers                                                            ; Off                            ; Off                            ;
; Ignore SOFT Buffers                                                             ; On                             ; On                             ;
; Limit AHDL Integers to 32 Bits                                                  ; Off                            ; Off                            ;
; Optimization Technique                                                          ; Balanced                       ; Balanced                       ;
; Carry Chain Length                                                              ; 70                             ; 70                             ;
; Auto Carry Chains                                                               ; On                             ; On                             ;
; Auto Open-Drain Pins                                                            ; On                             ; On                             ;
; Perform WYSIWYG Primitive Resynthesis                                           ; Off                            ; Off                            ;
; Auto ROM Replacement                                                            ; On                             ; On                             ;
; Auto RAM Replacement                                                            ; On                             ; On                             ;
; Auto DSP Block Replacement                                                      ; On                             ; On                             ;
; Auto Shift Register Replacement                                                 ; Auto                           ; Auto                           ;
; Allow Shift Register Merging across Hierarchies                                 ; Auto                           ; Auto                           ;
; Auto Clock Enable Replacement                                                   ; On                             ; On                             ;
; Strict RAM Replacement                                                          ; Off                            ; Off                            ;
; Allow Synchronous Control Signals                                               ; On                             ; On                             ;
; Force Use of Synchronous Clear Signals                                          ; Off                            ; Off                            ;
; Auto RAM Block Balancing                                                        ; On                             ; On                             ;
; Auto RAM to Logic Cell Conversion                                               ; Off                            ; Off                            ;
; Auto Resource Sharing                                                           ; Off                            ; Off                            ;
; Allow Any RAM Size For Recognition                                              ; Off                            ; Off                            ;
; Allow Any ROM Size For Recognition                                              ; Off                            ; Off                            ;
; Allow Any Shift Register Size For Recognition                                   ; Off                            ; Off                            ;
; Use LogicLock Constraints during Resource Balancing                             ; On                             ; On                             ;
; Ignore translate_off and synthesis_off directives                               ; Off                            ; Off                            ;
; Timing-Driven Synthesis                                                         ; On                             ; On                             ;
; Report Parameter Settings                                                       ; On                             ; On                             ;
; Report Source Assignments                                                       ; On                             ; On                             ;
; Report Connectivity Checks                                                      ; On                             ; On                             ;
; Ignore Maximum Fan-Out Assignments                                              ; Off                            ; Off                            ;
; Synchronization Register Chain Length                                           ; 3                              ; 3                              ;
; Power Optimization During Synthesis                                             ; Normal compilation             ; Normal compilation             ;
; HDL message level                                                               ; Level2                         ; Level2                         ;
; Suppress Register Optimization Related Messages                                 ; Off                            ; Off                            ;
; Number of Removed Registers Reported in Synthesis Report                        ; 5000                           ; 5000                           ;
; Number of Swept Nodes Reported in Synthesis Report                              ; 5000                           ; 5000                           ;
; Number of Inverted Registers Reported in Synthesis Report                       ; 100                            ; 100                            ;
; Clock MUX Protection                                                            ; On                             ; On                             ;
; Auto Gated Clock Conversion                                                     ; Off                            ; Off                            ;
; Block Design Naming                                                             ; Auto                           ; Auto                           ;
; SDC constraint protection                                                       ; Off                            ; Off                            ;
; Synthesis Effort                                                                ; Auto                           ; Auto                           ;
; Shift Register Replacement - Allow Asynchronous Clear Signal                    ; On                             ; On                             ;
; Pre-Mapping Resynthesis Optimization                                            ; Off                            ; Off                            ;
; Analysis & Synthesis Message Level                                              ; Medium                         ; Medium                         ;
; Disable Register Merging Across Hierarchies                                     ; Auto                           ; Auto                           ;
; Resource Aware Inference For Block RAM                                          ; On                             ; On                             ;
+---------------------------------------------------------------------------------+--------------------------------+--------------------------------+


+------------------------------------------+
; Parallel Compilation                     ;
+----------------------------+-------------+
; Processors                 ; Number      ;
+----------------------------+-------------+
; Number detected on machine ; 16          ;
; Maximum allowed            ; 8           ;
;                            ;             ;
; Average used               ; 1.00        ;
; Maximum used               ; 1           ;
;                            ;             ;
; Usage by Processor         ; % Time Used ;
;     Processor 1            ; 100.0%      ;
+----------------------------+-------------+


+-------------------------------+
; Analysis & Synthesis Messages ;
+-------------------------------+
Info: *******************************************************************
Info: Running Quartus Prime Analysis & Synthesis
    Info: Version 21.1.0 Build 842 10/21/2021 SJ Standard Edition
    Info: Processing started: Tue May  7 09:40:07 2024
Info: Command: quartus_map --read_settings_files=on --write_settings_files=off HybridControl_theta_phi_OL -c TOP_HybridControl_theta_phi_OL
Warning (18236): Number of processors has not been specified which may cause overloading on shared machines.  Set the global assignment NUM_PARALLEL_PROCESSORS in your QSF to an appropriate value for best performance.
Info (20032): Parallel compilation is enabled and will use up to 8 processors
Info (12021): Found 1 design units, including 1 entities, in source file /fpga/projects/blocks/hybrid_control_mixed.v
    Info (12023): Found entity 1: hybrid_control_mixed File: C:/FPGA/Projects/blocks/hybrid_control_mixed.v Line: 28
Info (12021): Found 1 design units, including 1 entities, in source file /fpga/projects/blocks/hybrid_control_theta_phi_co_2024.v
    Info (12023): Found entity 1: hybrid_control_theta_phi_CO24 File: C:/FPGA/Projects/blocks/hybrid_control_theta_phi_CO_2024.v Line: 25
Info (12021): Found 1 design units, including 1 entities, in source file /fpga/projects/blocks/hybrid_control_theta_phi_old.v
    Info (12023): Found entity 1: hybrid_control_theta_phi_old File: C:/FPGA/Projects/blocks/hybrid_control_theta_phi_old.v Line: 25
Info (12021): Found 2 design units, including 2 entities, in source file /fpga/projects/blocks/trigonometry.v
    Info (12023): Found entity 1: trigonometry_deg File: C:/FPGA/Projects/blocks/trigonometry.v Line: 19
    Info (12023): Found entity 2: trigonometry_rad File: C:/FPGA/Projects/blocks/trigonometry.v Line: 1155
Info (12021): Found 1 design units, including 1 entities, in source file /fpga/projects/blocks/three_level_mos.v
    Info (12023): Found entity 1: three_level_MOS File: C:/FPGA/Projects/blocks/three_level_MOS.v Line: 16
Info (12021): Found 2 design units, including 2 entities, in source file /fpga/projects/blocks/regularization.v
    Info (12023): Found entity 1: regularization_core File: C:/FPGA/Projects/blocks/regularization.v Line: 20
    Info (12023): Found entity 2: regularization File: C:/FPGA/Projects/blocks/regularization.v Line: 66
Info (12021): Found 1 design units, including 1 entities, in source file /fpga/projects/blocks/peak_detector.v
    Info (12023): Found entity 1: peak_detector File: C:/FPGA/Projects/blocks/peak_detector.v Line: 16
Info (12021): Found 3 design units, including 3 entities, in source file /fpga/projects/blocks/manual_value_control.v
    Info (12023): Found entity 1: theta_control File: C:/FPGA/Projects/blocks/manual_value_control.v Line: 28
    Info (12023): Found entity 2: phi_control File: C:/FPGA/Projects/blocks/manual_value_control.v Line: 130
    Info (12023): Found entity 3: angle_control_theta_phi File: C:/FPGA/Projects/blocks/manual_value_control.v Line: 246
Info (12021): Found 1 design units, including 1 entities, in source file /fpga/projects/blocks/hybrid_control_theta_phi.v
    Info (12023): Found entity 1: hybrid_control_theta_phi File: C:/FPGA/Projects/blocks/hybrid_control_theta_phi.v Line: 25
Info (12021): Found 1 design units, including 1 entities, in source file /fpga/projects/blocks/hybrid_control_theta.v
    Info (12023): Found entity 1: hybrid_control_theta File: C:/FPGA/Projects/blocks/hybrid_control_theta.v Line: 26
Info (12021): Found 1 design units, including 1 entities, in source file /fpga/projects/blocks/hybrid_control_phi.v
    Info (12023): Found entity 1: hybrid_control_phi File: C:/FPGA/Projects/blocks/hybrid_control_phi.v Line: 27
Info (12021): Found 1 design units, including 1 entities, in source file /fpga/projects/blocks/frequency_control.v
    Info (12023): Found entity 1: frequency_control File: C:/FPGA/Projects/blocks/frequency_control.v Line: 17
Info (12021): Found 4 design units, including 4 entities, in source file /fpga/projects/blocks/display_7seg.v
    Info (12023): Found entity 1: hex2seg File: C:/FPGA/Projects/blocks/display_7seg.v Line: 46
    Info (12023): Found entity 2: dec2hex File: C:/FPGA/Projects/blocks/display_7seg.v Line: 79
    Info (12023): Found entity 3: dec2seg File: C:/FPGA/Projects/blocks/display_7seg.v Line: 198
    Info (12023): Found entity 4: num2seg File: C:/FPGA/Projects/blocks/display_7seg.v Line: 318
Info (12021): Found 2 design units, including 2 entities, in source file /fpga/projects/blocks/debounce.v
    Info (12023): Found entity 1: debounce_core File: C:/FPGA/Projects/blocks/debounce.v Line: 19
    Info (12023): Found entity 2: debounce File: C:/FPGA/Projects/blocks/debounce.v Line: 59
Info (12021): Found 2 design units, including 2 entities, in source file /fpga/projects/blocks/dead_time.v
    Info (12023): Found entity 1: dead_time_core File: C:/FPGA/Projects/blocks/dead_time.v Line: 21
    Info (12023): Found entity 2: dead_time File: C:/FPGA/Projects/blocks/dead_time.v Line: 56
Info (12021): Found 1 design units, including 1 entities, in source file /fpga/projects/blocks/counter.v
    Info (12023): Found entity 1: counter_up File: C:/FPGA/Projects/blocks/counter.v Line: 11
Info (12021): Found 1 design units, including 1 entities, in source file pll_theta_phi_ol.v
    Info (12023): Found entity 1: PLL_theta_phi_OL File: C:/FPGA/Projects/HybridControl_theta_phi_OL/PLL_theta_phi_OL.v Line: 50
Warning (10236): Verilog HDL Implicit Net warning at hybrid_control_mixed.v(82): created implicit net for "C0" File: C:/FPGA/Projects/blocks/hybrid_control_mixed.v Line: 82
Warning (12125): Using design file top_hybridcontrol_theta_phi_ol.v, which is not specified as a design file for the current project, but contains definitions for 1 design units and 1 entities in project
    Info (12023): Found entity 1: TOP_HybridControl_theta_phi_OL File: C:/FPGA/Projects/HybridControl_theta_phi_OL/top_hybridcontrol_theta_phi_ol.v Line: 38
Warning (10236): Verilog HDL Implicit Net warning at top_hybridcontrol_theta_phi_ol.v(267): created implicit net for "VG" File: C:/FPGA/Projects/HybridControl_theta_phi_OL/top_hybridcontrol_theta_phi_ol.v Line: 267
Info (12127): Elaborating entity "TOP_HybridControl_theta_phi_OL" for the top level hierarchy
Warning (10036): Verilog HDL or VHDL warning at top_hybridcontrol_theta_phi_ol.v(111): object "DAA_copy" assigned a value but never read File: C:/FPGA/Projects/HybridControl_theta_phi_OL/top_hybridcontrol_theta_phi_ol.v Line: 111
Warning (10858): Verilog HDL warning at top_hybridcontrol_theta_phi_ol.v(116): object ADC_Ibat used but never assigned File: C:/FPGA/Projects/HybridControl_theta_phi_OL/top_hybridcontrol_theta_phi_ol.v Line: 116
Warning (10036): Verilog HDL or VHDL warning at top_hybridcontrol_theta_phi_ol.v(117): object "Vbat_dec" assigned a value but never read File: C:/FPGA/Projects/HybridControl_theta_phi_OL/top_hybridcontrol_theta_phi_ol.v Line: 117
Warning (10036): Verilog HDL or VHDL warning at top_hybridcontrol_theta_phi_ol.v(118): object "Ibat_dec" assigned a value but never read File: C:/FPGA/Projects/HybridControl_theta_phi_OL/top_hybridcontrol_theta_phi_ol.v Line: 118
Warning (10036): Verilog HDL or VHDL warning at top_hybridcontrol_theta_phi_ol.v(122): object "deadtime" assigned a value but never read File: C:/FPGA/Projects/HybridControl_theta_phi_OL/top_hybridcontrol_theta_phi_ol.v Line: 122
Warning (10036): Verilog HDL or VHDL warning at top_hybridcontrol_theta_phi_ol.v(125): object "cnt_startup_reg" assigned a value but never read File: C:/FPGA/Projects/HybridControl_theta_phi_OL/top_hybridcontrol_theta_phi_ol.v Line: 125
Error (10232): Verilog HDL error at top_hybridcontrol_theta_phi_ol.v(237): index 22 cannot fall outside the declared range [21:0] for vector "GPIO0" File: C:/FPGA/Projects/HybridControl_theta_phi_OL/top_hybridcontrol_theta_phi_ol.v Line: 237
Error (12153): Can't elaborate top-level user hierarchy
Info (144001): Generated suppressed messages file C:/FPGA/Projects/HybridControl_theta_phi_OL/output_files/TOP_HybridControl_theta_phi_OL.map.smsg
Error: Quartus Prime Analysis & Synthesis was unsuccessful. 2 errors, 10 warnings
    Error: Peak virtual memory: 4801 megabytes
    Error: Processing ended: Tue May  7 09:40:17 2024
    Error: Elapsed time: 00:00:10
    Error: Total CPU time (on all processors): 00:00:27


+------------------------------------------+
; Analysis & Synthesis Suppressed Messages ;
+------------------------------------------+
The suppressed messages can be found in C:/FPGA/Projects/HybridControl_theta_phi_OL/output_files/TOP_HybridControl_theta_phi_OL.map.smsg.


